{"/Users/ambarish/Desktop/samples/basic-node/routes/index.js":{"path":"/Users/ambarish/Desktop/samples/basic-node/routes/index.js","s":{"1":1,"2":1,"3":1,"4":1,"5":1},"b":{},"f":{"1":1},"fnMap":{"1":{"name":"(anonymous_1)","line":7,"loc":{"start":{"line":7,"column":2},"end":{"line":7,"column":28}}}},"statementMap":{"1":{"start":{"line":1,"column":0},"end":{"line":1,"column":33}},"2":{"start":{"line":2,"column":0},"end":{"line":2,"column":30}},"3":{"start":{"line":5,"column":0},"end":{"line":14,"column":2}},"4":{"start":{"line":8,"column":4},"end":{"line":12,"column":6}},"5":{"start":{"line":16,"column":0},"end":{"line":16,"column":24}}},"branchMap":{}},"/Users/ambarish/Desktop/samples/basic-node/routes/users.js":{"path":"/Users/ambarish/Desktop/samples/basic-node/routes/users.js","s":{"1":1,"2":1,"3":1,"4":1,"5":1},"b":{},"f":{"1":1},"fnMap":{"1":{"name":"(anonymous_1)","line":6,"loc":{"start":{"line":6,"column":2},"end":{"line":6,"column":28}}}},"statementMap":{"1":{"start":{"line":1,"column":0},"end":{"line":1,"column":33}},"2":{"start":{"line":2,"column":0},"end":{"line":2,"column":30}},"3":{"start":{"line":5,"column":0},"end":{"line":9,"column":2}},"4":{"start":{"line":7,"column":4},"end":{"line":7,"column":40}},"5":{"start":{"line":11,"column":0},"end":{"line":11,"column":24}}},"branchMap":{}},"/Users/ambarish/Desktop/samples/basic-node/routes/name.js":{"path":"/Users/ambarish/Desktop/samples/basic-node/routes/name.js","s":{"1":1,"2":1,"3":1,"4":1,"5":3,"6":1,"7":5,"8":5,"9":5,"10":4,"11":5,"12":4,"13":5,"14":1},"b":{"1":[4,1],"2":[4,1]},"f":{"1":3,"2":5},"fnMap":{"1":{"name":"(anonymous_1)","line":10,"loc":{"start":{"line":10,"column":2},"end":{"line":10,"column":28}}},"2":{"name":"(anonymous_2)","line":16,"loc":{"start":{"line":16,"column":2},"end":{"line":16,"column":28}}}},"statementMap":{"1":{"start":{"line":1,"column":0},"end":{"line":1,"column":33}},"2":{"start":{"line":2,"column":0},"end":{"line":2,"column":30}},"3":{"start":{"line":4,"column":0},"end":{"line":7,"column":2}},"4":{"start":{"line":9,"column":0},"end":{"line":13,"column":2}},"5":{"start":{"line":11,"column":4},"end":{"line":11,"column":23}},"6":{"start":{"line":15,"column":0},"end":{"line":30,"column":2}},"7":{"start":{"line":17,"column":4},"end":{"line":17,"column":39}},"8":{"start":{"line":18,"column":4},"end":{"line":18,"column":37}},"9":{"start":{"line":20,"column":4},"end":{"line":22,"column":5}},"10":{"start":{"line":21,"column":6},"end":{"line":21,"column":37}},"11":{"start":{"line":24,"column":4},"end":{"line":26,"column":5}},"12":{"start":{"line":25,"column":6},"end":{"line":25,"column":35}},"13":{"start":{"line":28,"column":4},"end":{"line":28,"column":23}},"14":{"start":{"line":32,"column":0},"end":{"line":32,"column":24}}},"branchMap":{"1":{"line":20,"type":"if","locations":[{"start":{"line":20,"column":4},"end":{"line":20,"column":4}},{"start":{"line":20,"column":4},"end":{"line":20,"column":4}}]},"2":{"line":24,"type":"if","locations":[{"start":{"line":24,"column":4},"end":{"line":24,"column":4}},{"start":{"line":24,"column":4},"end":{"line":24,"column":4}}]}}},"/Users/ambarish/Desktop/samples/basic-node/routes/properties.js":{"path":"/Users/ambarish/Desktop/samples/basic-node/routes/properties.js","s":{"1":1,"2":1,"3":1,"4":1,"5":1,"6":1,"7":1,"8":3,"9":1,"10":4,"11":4,"12":4,"13":2,"14":4,"15":1},"b":{"1":[2,2],"2":[4,3]},"f":{"1":3,"2":4},"fnMap":{"1":{"name":"(anonymous_1)","line":11,"loc":{"start":{"line":11,"column":2},"end":{"line":11,"column":28}}},"2":{"name":"(anonymous_2)","line":17,"loc":{"start":{"line":17,"column":2},"end":{"line":17,"column":28}}}},"statementMap":{"1":{"start":{"line":1,"column":0},"end":{"line":1,"column":33}},"2":{"start":{"line":2,"column":0},"end":{"line":2,"column":30}},"3":{"start":{"line":3,"column":0},"end":{"line":3,"column":23}},"4":{"start":{"line":5,"column":0},"end":{"line":5,"column":20}},"5":{"start":{"line":7,"column":0},"end":{"line":7,"column":38}},"6":{"start":{"line":8,"column":0},"end":{"line":8,"column":37}},"7":{"start":{"line":10,"column":0},"end":{"line":14,"column":2}},"8":{"start":{"line":12,"column":4},"end":{"line":12,"column":25}},"9":{"start":{"line":16,"column":0},"end":{"line":27,"column":2}},"10":{"start":{"line":18,"column":4},"end":{"line":18,"column":27}},"11":{"start":{"line":19,"column":4},"end":{"line":19,"column":31}},"12":{"start":{"line":21,"column":4},"end":{"line":23,"column":5}},"13":{"start":{"line":22,"column":6},"end":{"line":22,"column":30}},"14":{"start":{"line":25,"column":4},"end":{"line":25,"column":19}},"15":{"start":{"line":29,"column":0},"end":{"line":29,"column":24}}},"branchMap":{"1":{"line":21,"type":"if","locations":[{"start":{"line":21,"column":4},"end":{"line":21,"column":4}},{"start":{"line":21,"column":4},"end":{"line":21,"column":4}}]},"2":{"line":21,"type":"binary-expr","locations":[{"start":{"line":21,"column":8},"end":{"line":21,"column":11}},{"start":{"line":21,"column":15},"end":{"line":21,"column":20}}]}}}}