TN:
SF:/Users/ambarish/Desktop/samples/basic-node/routes/index.js
FN:7,(anonymous_1)
FNF:1
FNH:1
FNDA:1,(anonymous_1)
DA:1,1
DA:2,1
DA:5,1
DA:8,1
DA:16,1
LF:5
LH:5
BRF:0
BRH:0
end_of_record
TN:
SF:/Users/ambarish/Desktop/samples/basic-node/routes/users.js
FN:6,(anonymous_1)
FNF:1
FNH:1
FNDA:1,(anonymous_1)
DA:1,1
DA:2,1
DA:5,1
DA:7,1
DA:11,1
LF:5
LH:5
BRF:0
BRH:0
end_of_record
TN:
SF:/Users/ambarish/Desktop/samples/basic-node/routes/name.js
FN:10,(anonymous_1)
FN:16,(anonymous_2)
FNF:2
FNH:2
FNDA:3,(anonymous_1)
FNDA:5,(anonymous_2)
DA:1,1
DA:2,1
DA:4,1
DA:9,1
DA:11,3
DA:15,1
DA:17,5
DA:18,5
DA:20,5
DA:21,4
DA:24,5
DA:25,4
DA:28,5
DA:32,1
LF:14
LH:14
BRDA:20,1,0,4
BRDA:20,1,1,1
BRDA:24,2,0,4
BRDA:24,2,1,1
BRF:4
BRH:4
end_of_record
TN:
SF:/Users/ambarish/Desktop/samples/basic-node/routes/properties.js
FN:11,(anonymous_1)
FN:17,(anonymous_2)
FNF:2
FNH:2
FNDA:3,(anonymous_1)
FNDA:4,(anonymous_2)
DA:1,1
DA:2,1
DA:3,1
DA:5,1
DA:7,1
DA:8,1
DA:10,1
DA:12,3
DA:16,1
DA:18,4
DA:19,4
DA:21,4
DA:22,2
DA:25,4
DA:29,1
LF:15
LH:15
BRDA:21,1,0,2
BRDA:21,1,1,2
BRDA:21,2,0,4
BRDA:21,2,1,3
BRF:4
BRH:4
end_of_record
