<testsuite name="Mocha Tests" tests="10" failures="0" errors="0" skipped="0" timestamp="Tue, 01 Aug 2017 22:03:29 GMT" time="0.109">
<testcase classname="/ route GET /" name="should respond with content" time="0.039"/>
<testcase classname="/name route GET /name" name="should respond with full name" time="0.01"/>
<testcase classname="/name route PUT /name" name="should update first and last name" time="0.021"/>
<testcase classname="/name route PUT /name" name="should ignore empty names" time="0.011"/>
<testcase classname="/name route PUT /name" name="should respond with the new full name" time="0.002"/>
<testcase classname="/properties route GET /properties" name="should include server ip and datetime by default" time="0.004"/>
<testcase classname="/properties route POST /properties" name="should ignore properties with empty keys or values" time="0.006"/>
<testcase classname="/properties route POST /properties" name="should add new or update existing properties" time="0.005"/>
<testcase classname="/properties route POST /properties" name="should respond with ok" time="0.001"/>
<testcase classname="/users route GET /users" name="should respond with content" time="0.002"/>
</testsuite>
